<?xml version="1.0" encoding="UTF-8"?>
<!-- Generated by org.testng.reporters.JUnitXMLReporter -->
<testsuite hostname="dm" ignored="0" name="Designmate LoginTest" tests="3" failures="0" timestamp="27 Nov 2019 07:14:41 GMT" time="12.278" errors="0">
  <testcase name="designmateLogintest" time="4.79" classname="com.w2a.testcases.DesignmateLoginTest"/>
  <testcase name="designmateLogintest" time="3.61" classname="com.w2a.testcases.DesignmateLoginTest"/>
  <testcase name="designmateLogintest" time="3.34" classname="com.w2a.testcases.DesignmateLoginTest"/>
</testsuite> <!-- Designmate LoginTest -->
