# JRE version: Java(TM) SE Runtime Environment (8.0_172-b11) (build 1.8.0_172-b11)
# Java VM: Java HotSpot(TM) 64-Bit Server VM (25.172-b11 mixed mode windows-amd64 compressed oops)
Heap:
 PSYoungGen      total 135168K, used 84994K [0x00000000eab00000, 0x00000000f4700000, 0x0000000100000000)
  eden space 125952K, 67% used [0x00000000eab00000,0x00000000efe00a58,0x00000000f2600000)
  from space 9216K, 0% used [0x00000000f3400000,0x00000000f3400000,0x00000000f3d00000)
  to   space 14336K, 0% used [0x00000000f2600000,0x00000000f2600000,0x00000000f3400000)
 ParOldGen       total 54272K, used 21548K [0x00000000c0000000, 0x00000000c3500000, 0x00000000eab00000)
  object space 54272K, 39% used [0x00000000c0000000,0x00000000c150b030,0x00000000c3500000)
 Metaspace       used 23362K, capacity 23800K, committed 24192K, reserved 1071104K
  class space    used 2698K, capacity 2835K, committed 2944K, reserved 1048576K
GC Heap History (10 events):
Event: 1.438 GC heap before
{Heap before GC invocations=3 (full 0):
 PSYoungGen      total 35328K, used 35307K [0x00000000eab00000, 0x00000000ed000000, 0x0000000100000000)
  eden space 32768K, 100% used [0x00000000eab00000,0x00000000ecb00000,0x00000000ecb00000)
  from space 2560K, 99% used [0x00000000ecd80000,0x00000000ecffae18,0x00000000ed000000)
  to   space 2560K, 0% used [0x00000000ecb00000,0x00000000ecb00000,0x00000000ecd80000)
 ParOldGen       total 44032K, used 858K [0x00000000c0000000, 0x00000000c2b00000, 0x00000000eab00000)
  object space 44032K, 1% used [0x00000000c0000000,0x00000000c00d6840,0x00000000c2b00000)
 Metaspace       used 11713K, capacity 11886K, committed 12160K, reserved 1060864K
  class space    used 1481K, capacity 1573K, committed 1664K, reserved 1048576K
Event: 1.456 GC heap after
Heap after GC invocations=3 (full 0):
 PSYoungGen      total 35328K, used 2544K [0x00000000eab00000, 0x00000000ef000000, 0x0000000100000000)
  eden space 32768K, 0% used [0x00000000eab00000,0x00000000eab00000,0x00000000ecb00000)
  from space 2560K, 99% used [0x00000000ecb00000,0x00000000ecd7c010,0x00000000ecd80000)
  to   space 2560K, 0% used [0x00000000eed80000,0x00000000eed80000,0x00000000ef000000)
 ParOldGen       total 44032K, used 5465K [0x00000000c0000000, 0x00000000c2b00000, 0x00000000eab00000)
  object space 44032K, 12% used [0x00000000c0000000,0x00000000c0556588,0x00000000c2b00000)
 Metaspace       used 11713K, capacity 11886K, committed 12160K, reserved 1060864K
  class space    used 1481K, capacity 1573K, committed 1664K, reserved 1048576K
}
Event: 2.671 GC heap before
{Heap before GC invocations=4 (full 0):
 PSYoungGen      total 35328K, used 35312K [0x00000000eab00000, 0x00000000ef000000, 0x0000000100000000)
  eden space 32768K, 100% used [0x00000000eab00000,0x00000000ecb00000,0x00000000ecb00000)
  from space 2560K, 99% used [0x00000000ecb00000,0x00000000ecd7c010,0x00000000ecd80000)
  to   space 2560K, 0% used [0x00000000eed80000,0x00000000eed80000,0x00000000ef000000)
 ParOldGen       total 44032K, used 5465K [0x00000000c0000000, 0x00000000c2b00000, 0x00000000eab00000)
  object space 44032K, 12% used [0x00000000c0000000,0x00000000c0556588,0x00000000c2b00000)
 Metaspace       used 14558K, capacity 14780K, committed 14976K, reserved 1062912K
  class space    used 1784K, capacity 1906K, committed 1920K, reserved 1048576K
Event: 2.691 GC heap after
Heap after GC invocations=4 (full 0):
 PSYoungGen      total 68096K, used 2528K [0x00000000eab00000, 0x00000000ef000000, 0x0000000100000000)
  eden space 65536K, 0% used [0x00000000eab00000,0x00000000eab00000,0x00000000eeb00000)
  from space 2560K, 98% used [0x00000000eed80000,0x00000000eeff8020,0x00000000ef000000)
  to   space 2560K, 0% used [0x00000000eeb00000,0x00000000eeb00000,0x00000000eed80000)
 ParOldGen       total 44032K, used 9981K [0x00000000c0000000, 0x00000000c2b00000, 0x00000000eab00000)
  object space 44032K, 22% used [0x00000000c0000000,0x00000000c09bf498,0x00000000c2b00000)
 Metaspace       used 14558K, capacity 14780K, committed 14976K, reserved 1062912K
  class space    used 1784K, capacity 1906K, committed 1920K, reserved 1048576K
}
Event: 4.956 GC heap before
{Heap before GC invocations=5 (full 0):
 PSYoungGen      total 68096K, used 68064K [0x00000000eab00000, 0x00000000ef000000, 0x0000000100000000)
  eden space 65536K, 100% used [0x00000000eab00000,0x00000000eeb00000,0x00000000eeb00000)
  from space 2560K, 98% used [0x00000000eed80000,0x00000000eeff8020,0x00000000ef000000)
  to   space 2560K, 0% used [0x00000000eeb00000,0x00000000eeb00000,0x00000000eed80000)
 ParOldGen       total 44032K, used 9981K [0x00000000c0000000, 0x00000000c2b00000, 0x00000000eab00000)
  object space 44032K, 22% used [0x00000000c0000000,0x00000000c09bf498,0x00000000c2b00000)
 Metaspace       used 15970K, capacity 16256K, committed 16384K, reserved 1062912K
  class space    used 1894K, capacity 2012K, committed 2048K, reserved 1048576K
Event: 4.978 GC heap after
Heap after GC invocations=5 (full 0):
 PSYoungGen      total 68096K, used 2528K [0x00000000eab00000, 0x00000000f3d00000, 0x0000000100000000)
  eden space 65536K, 0% used [0x00000000eab00000,0x00000000eab00000,0x00000000eeb00000)
  from space 2560K, 98% used [0x00000000eeb00000,0x00000000eed78020,0x00000000eed80000)
  to   space 9216K, 0% used [0x00000000f3400000,0x00000000f3400000,0x00000000f3d00000)
 ParOldGen       total 44032K, used 14013K [0x00000000c0000000, 0x00000000c2b00000, 0x00000000eab00000)
  object space 44032K, 31% used [0x00000000c0000000,0x00000000c0daf778,0x00000000c2b00000)
 Metaspace       used 15970K, capacity 16256K, committed 16384K, reserved 1062912K
  class space    used 1894K, capacity 2012K, committed 2048K, reserved 1048576K
}
Event: 7.664 GC heap before
{Heap before GC invocations=6 (full 0):
 PSYoungGen      total 68096K, used 60622K [0x00000000eab00000, 0x00000000f3d00000, 0x0000000100000000)
  eden space 65536K, 88% used [0x00000000eab00000,0x00000000ee3bb8c8,0x00000000eeb00000)
  from space 2560K, 98% used [0x00000000eeb00000,0x00000000eed78020,0x00000000eed80000)
  to   space 9216K, 0% used [0x00000000f3400000,0x00000000f3400000,0x00000000f3d00000)
 ParOldGen       total 44032K, used 14013K [0x00000000c0000000, 0x00000000c2b00000, 0x00000000eab00000)
  object space 44032K, 31% used [0x00000000c0000000,0x00000000c0daf778,0x00000000c2b00000)
 Metaspace       used 20649K, capacity 21096K, committed 21296K, reserved 1069056K
  class space    used 2464K, capacity 2604K, committed 2688K, reserved 1048576K
Event: 7.721 GC heap after
Heap after GC invocations=6 (full 0):
 PSYoungGen      total 135168K, used 9188K [0x00000000eab00000, 0x00000000f4700000, 0x0000000100000000)
  eden space 125952K, 0% used [0x00000000eab00000,0x00000000eab00000,0x00000000f2600000)
  from space 9216K, 99% used [0x00000000f3400000,0x00000000f3cf9368,0x00000000f3d00000)
  to   space 14336K, 0% used [0x00000000f2600000,0x00000000f2600000,0x00000000f3400000)
 ParOldGen       total 44032K, used 19983K [0x00000000c0000000, 0x00000000c2b00000, 0x00000000eab00000)
  object space 44032K, 45% used [0x00000000c0000000,0x00000000c1383f08,0x00000000c2b00000)
 Metaspace       used 20649K, capacity 21096K, committed 21296K, reserved 1069056K
  class space    used 2464K, capacity 2604K, committed 2688K, reserved 1048576K
}
Event: 7.721 GC heap before
{Heap before GC invocations=7 (full 1):
 PSYoungGen      total 135168K, used 9188K [0x00000000eab00000, 0x00000000f4700000, 0x0000000100000000)
  eden space 125952K, 0% used [0x00000000eab00000,0x00000000eab00000,0x00000000f2600000)
  from space 9216K, 99% used [0x00000000f3400000,0x00000000f3cf9368,0x00000000f3d00000)
  to   space 14336K, 0% used [0x00000000f2600000,0x00000000f2600000,0x00000000f3400000)
 ParOldGen       total 44032K, used 19983K [0x00000000c0000000, 0x00000000c2b00000, 0x00000000eab00000)
  object space 44032K, 45% used [0x00000000c0000000,0x00000000c1383f08,0x00000000c2b00000)
 Metaspace       used 20649K, capacity 21096K, committed 21296K, reserved 1069056K
  class space    used 2464K, capacity 2604K, committed 2688K, reserved 1048576K
Event: 7.849 GC heap after
Heap after GC invocations=7 (full 1):
 PSYoungGen      total 135168K, used 0K [0x00000000eab00000, 0x00000000f4700000, 0x0000000100000000)
  eden space 125952K, 0% used [0x00000000eab00000,0x00000000eab00000,0x00000000f2600000)
  from space 9216K, 0% used [0x00000000f3400000,0x00000000f3400000,0x00000000f3d00000)
  to   space 14336K, 0% used [0x00000000f2600000,0x00000000f2600000,0x00000000f3400000)
 ParOldGen       total 54272K, used 21548K [0x00000000c0000000, 0x00000000c3500000, 0x00000000eab00000)
  object space 54272K, 39% used [0x00000000c0000000,0x00000000c150b030,0x00000000c3500000)
 Metaspace       used 20649K, capacity 21096K, committed 21296K, reserved 1069056K
  class space    used 2464K, capacity 2604K, committed 2688K, reserved 1048576K
}

